>> DecisionTree: 3.0999 s
 * ccp_alpha: 0.0
 * class_weight: None
 * criterion: gini
 * max_depth: None
 * max_features: None
 * max_leaf_nodes: None
 * min_impurity_decrease: 0.0
 * min_samples_leaf: 3
 * min_samples_split: 2
 * min_weight_fraction_leaf: 0.0
 * random_state: 42
 * splitter: best

>> RandomForest: 8.2236 s
 * bootstrap: True
 * ccp_alpha: 0.0
 * class_weight: None
 * criterion: gini
 * max_depth: None
 * max_features: sqrt
 * max_leaf_nodes: None
 * max_samples: None
 * min_impurity_decrease: 0.0
 * min_samples_leaf: 1
 * min_samples_split: 4
 * min_weight_fraction_leaf: 0.0
 * n_estimators: 100
 * n_jobs: None
 * oob_score: False
 * random_state: 42
 * verbose: 0
 * warm_start: False

>> XGBoost: 7.4035 s
 * objective: multi:softprob
 * base_score: None
 * booster: None
 * callbacks: None
 * colsample_bylevel: None
 * colsample_bynode: None
 * colsample_bytree: 1
 * device: None
 * early_stopping_rounds: None
 * enable_categorical: False
 * eval_metric: logloss
 * feature_types: None
 * gamma: None
 * grow_policy: None
 * importance_type: None
 * interaction_constraints: None
 * learning_rate: 0.1
 * max_bin: None
 * max_cat_threshold: None
 * max_cat_to_onehot: None
 * max_delta_step: None
 * max_depth: 5
 * max_leaves: None
 * min_child_weight: None
 * missing: nan
 * monotone_constraints: None
 * multi_strategy: None
 * n_estimators: 100
 * n_jobs: None
 * num_parallel_tree: None
 * random_state: 42
 * reg_alpha: None
 * reg_lambda: None
 * sampling_method: None
 * scale_pos_weight: None
 * subsample: 1
 * tree_method: None
 * validate_parameters: None
 * verbosity: None

>> SVM: 0.9814 s
 * C: 0.5
 * break_ties: False
 * cache_size: 200
 * class_weight: None
 * coef0: 0.0
 * decision_function_shape: ovr
 * degree: 3
 * gamma: scale
 * kernel: rbf
 * max_iter: -1
 * probability: False
 * random_state: 42
 * shrinking: True
 * tol: 0.001
 * verbose: False

>> LightGBM: 3.6223 s
 * boosting_type: gbdt
 * class_weight: None
 * colsample_bytree: 1.0
 * importance_type: split
 * learning_rate: 0.1
 * max_depth: -1
 * min_child_samples: 20
 * min_child_weight: 0.001
 * min_split_gain: 0.0
 * n_estimators: 100
 * n_jobs: None
 * num_leaves: 30
 * objective: multiclass
 * random_state: 42
 * reg_alpha: 0.0
 * reg_lambda: 0.0
 * subsample: 1.0
 * subsample_for_bin: 200000
 * subsample_freq: 0
 * metric: multi_logloss

>> MLP: 3.7764 s
 * hidden_size: 561 -> 128 -> 64 -> 32 -> 6
 * lr: 0.001
 * optimizer: Adam
 * loss: CrossEntropyLoss
 * epochs: 500




Model                |   Accuracy |   Macro F1 |   Micro F1
------------------------------------------------------------
DecisionTree         |    0.86054 |    0.85744 |    0.86054
RandomForest         |    0.92569 |    0.92390 |    0.92569
XGBoost              |    0.93146 |    0.93063 |    0.93146
SVM                  |    0.94435 |    0.94366 |    0.94435
LightGBM             |    0.93383 |    0.93337 |    0.93383
MLP                  |    0.95317 |    0.95293 |    0.95317
